2021-07-27 01:20:34,294 INFO: Scrapy 2.5.0 started (bot: digger)
2021-07-27 01:20:34,328 INFO: Versions: lxml 4.6.3.0, libxml2 2.9.10, cssselect 1.1.0, parsel 1.6.0, w3lib 1.22.0, Twisted 21.2.0, Python 3.9.6 (default, Jun 30 2021, 10:22:16) - [GCC 11.1.0], pyOpenSSL 20.0.1 (OpenSSL 1.1.1k  25 Mar 2021), cryptography 3.4.7, Platform Linux-5.13.1-3-MANJARO-x86_64-with-glibc2.33
2021-07-27 01:20:34,328 DEBUG: Using reactor: twisted.internet.epollreactor.EPollReactor
2021-07-27 01:20:34,337 INFO: Overridden settings:
{'BOT_NAME': 'digger',
 'DUPEFILTER_CLASS': 'scrapy_splash.SplashAwareDupeFilter',
 'EDITOR': '/usr/bin/nano',
 'HTTPCACHE_STORAGE': 'scrapy_splash.SplashAwareFSCacheStorage',
 'LOGSTATS_INTERVAL': 0,
 'NEWSPIDER_MODULE': 'digger.spiders',
 'SPIDER_MODULES': ['digger.spiders'],
 'USER_AGENT': 'Mozilla/5.0 (Linux x86_64; rv:88.0) Gecko/20100101 '
               'Firefox/88.0'}
2021-07-27 01:20:34,382 INFO: Telnet Password: b7ed9055957612b6
2021-07-27 01:20:34,416 INFO: Enabled extensions:
['scrapy.extensions.corestats.CoreStats',
 'scrapy.extensions.telnet.TelnetConsole',
 'scrapy.extensions.memusage.MemoryUsage']
2021-07-27 01:20:34,523 INFO: Enabled downloader middlewares:
['scrapy.downloadermiddlewares.httpauth.HttpAuthMiddleware',
 'scrapy.downloadermiddlewares.downloadtimeout.DownloadTimeoutMiddleware',
 'scrapy.downloadermiddlewares.defaultheaders.DefaultHeadersMiddleware',
 'scrapy.downloadermiddlewares.useragent.UserAgentMiddleware',
 'scrapy.downloadermiddlewares.retry.RetryMiddleware',
 'scrapy.downloadermiddlewares.redirect.MetaRefreshMiddleware',
 'scrapy.downloadermiddlewares.redirect.RedirectMiddleware',
 'scrapy.downloadermiddlewares.cookies.CookiesMiddleware',
 'scrapy_splash.SplashCookiesMiddleware',
 'scrapy_splash.SplashMiddleware',
 'scrapy.downloadermiddlewares.httpproxy.HttpProxyMiddleware',
 'scrapy.downloadermiddlewares.httpcompression.HttpCompressionMiddleware',
 'scrapy.downloadermiddlewares.stats.DownloaderStats']
2021-07-27 01:20:34,528 INFO: Enabled spider middlewares:
['scrapy.spidermiddlewares.httperror.HttpErrorMiddleware',
 'scrapy_splash.SplashDeduplicateArgsMiddleware',
 'scrapy.spidermiddlewares.offsite.OffsiteMiddleware',
 'scrapy.spidermiddlewares.referer.RefererMiddleware',
 'scrapy.spidermiddlewares.urllength.UrlLengthMiddleware',
 'scrapy.spidermiddlewares.depth.DepthMiddleware']
2021-07-27 01:20:34,530 INFO: Enabled item pipelines:
[]
2021-07-27 01:20:34,533 INFO: Telnet console listening on 127.0.0.1:6023
2021-07-27 01:20:34,555 INFO: Spider opened
2021-07-27 01:20:36,267 DEBUG: Crawled (200) <GET https://blog.depositphotos.com/category/photography> (referer: None)
2021-07-27 01:20:36,974 DEBUG: Using selector: EpollSelector
2021-07-27 01:20:37,400 DEBUG: Using selector: EpollSelector
